Drill report for ECET230 Smart Plant Monitor.kicad_pcb
Created on 2025-12-18T11:29:17-0500

Copper Layer Stackup:
    =============================================================
    L1 :  F.Cu                      front
    L2 :  B.Cu                      back


Drill file 'ECET230 Smart Plant Monitor.drl' contains
    plated through holes:
    =============================================================
    T1  0.300mm  0.0118"  (51 holes)
    T2  0.400mm  0.0157"  (16 holes)
    T3  0.500mm  0.0197"  (10 holes)
    T4  0.600mm  0.0236"  (4 holes)  (with 4 slots)
    T5  0.800mm  0.0315"  (23 holes)
    T6  1.000mm  0.0394"  (23 holes)
    T7  1.200mm  0.0472"  (8 holes)
    T8  3.500mm  0.1378"  (4 holes)

    Total plated holes count 139


Not plated through holes are merged with plated holes
    unplated through holes:
    =============================================================
    T9  0.991mm  0.0390"  (3 holes)
    T10  2.100mm  0.0827"  (4 holes)
    T11  2.375mm  0.0935"  (4 holes)

    Total unplated holes count 11
