## Footprint report - date 2025-12-18T16:16:32-0500
## Created by KiCad version 9.0.4
## Unit = mm, Angle = deg.

$BeginDESCRIPTION

$BOARD
upper_left_corner 58.000000 16.000000
lower_right_corner 248.000000 163.000000
$EndBOARD

$MODULE C1
footprint Capacitor_SMD:CP_Elec_3x5.3
attribut smd
position 204.000000 90.500000  orientation -90.00
layer front
$PAD "1"
Shape Rect Layer front
position -1.500000  0.000000  size  2.200000  1.600000  orientation 360.00
drill  0.000000
shape_offset  0.000000  0.000000
$EndPAD
$PAD "2"
Shape Rect Layer front
position  1.500000  0.000000  size  2.200000  1.600000  orientation 360.00
drill  0.000000
shape_offset  0.000000  0.000000
$EndPAD
$EndMODULE  C1

$MODULE C2
footprint Capacitor_SMD:CP_Elec_3x5.3
attribut smd
position 197.000000 90.500000  orientation -90.00
layer front
$PAD "1"
Shape Rect Layer front
position -1.500000  0.000000  size  2.200000  1.600000  orientation 360.00
drill  0.000000
shape_offset  0.000000  0.000000
$EndPAD
$PAD "2"
Shape Rect Layer front
position  1.500000  0.000000  size  2.200000  1.600000  orientation 360.00
drill  0.000000
shape_offset  0.000000  0.000000
$EndPAD
$EndMODULE  C2

$MODULE C6
footprint Capacitor_SMD:CP_Elec_3x5.3
attribut smd
position 132.000000 88.500000  orientation 90.00
layer front
$PAD "1"
Shape Rect Layer front
position -1.500000  0.000000  size  2.200000  1.600000  orientation 0.00
drill  0.000000
shape_offset  0.000000  0.000000
$EndPAD
$PAD "2"
Shape Rect Layer front
position  1.500000  0.000000  size  2.200000  1.600000  orientation 0.00
drill  0.000000
shape_offset  0.000000  0.000000
$EndPAD
$EndMODULE  C6

$MODULE C7
footprint Capacitor_SMD:CP_Elec_3x5.3
attribut smd
position 139.000000 88.500000  orientation 90.00
layer front
$PAD "1"
Shape Rect Layer front
position -1.500000  0.000000  size  2.200000  1.600000  orientation 0.00
drill  0.000000
shape_offset  0.000000  0.000000
$EndPAD
$PAD "2"
Shape Rect Layer front
position  1.500000  0.000000  size  2.200000  1.600000  orientation 0.00
drill  0.000000
shape_offset  0.000000  0.000000
$EndPAD
$EndMODULE  C7

$MODULE C8
footprint Capacitor_SMD:CP_Elec_3x5.3
attribut smd
position 146.000000 88.500000  orientation 90.00
layer front
$PAD "1"
Shape Rect Layer front
position -1.500000  0.000000  size  2.200000  1.600000  orientation 0.00
drill  0.000000
shape_offset  0.000000  0.000000
$EndPAD
$PAD "2"
Shape Rect Layer front
position  1.500000  0.000000  size  2.200000  1.600000  orientation 0.00
drill  0.000000
shape_offset  0.000000  0.000000
$EndPAD
$EndMODULE  C8

$MODULE C9
footprint Capacitor_SMD:CP_Elec_3x5.3
attribut smd
position 163.000000 88.500000  orientation 90.00
layer front
$PAD "1"
Shape Rect Layer front
position -1.500000  0.000000  size  2.200000  1.600000  orientation 0.00
drill  0.000000
shape_offset  0.000000  0.000000
$EndPAD
$PAD "2"
Shape Rect Layer front
position  1.500000  0.000000  size  2.200000  1.600000  orientation 0.00
drill  0.000000
shape_offset  0.000000  0.000000
$EndPAD
$EndMODULE  C9

$MODULE C10
footprint Capacitor_SMD:CP_Elec_3x5.3
attribut smd
position 170.000000 88.500000  orientation 90.00
layer front
$PAD "1"
Shape Rect Layer front
position -1.500000  0.000000  size  2.200000  1.600000  orientation 0.00
drill  0.000000
shape_offset  0.000000  0.000000
$EndPAD
$PAD "2"
Shape Rect Layer front
position  1.500000  0.000000  size  2.200000  1.600000  orientation 0.00
drill  0.000000
shape_offset  0.000000  0.000000
$EndPAD
$EndMODULE  C10

$MODULE D1
footprint LED_SMD:LED_RGB_5050-6
attribut smd
position 227.000000 25.000000  orientation -90.00
layer front
$PAD "1"
Shape Rect Layer front
position -2.400000 -1.700000  size  1.100000  2.000000  orientation 90.00
drill  0.000000
shape_offset  0.000000  0.000000
$EndPAD
$PAD "2"
Shape Rect Layer front
position -2.400000  0.000000  size  1.100000  2.000000  orientation 90.00
drill  0.000000
shape_offset  0.000000  0.000000
$EndPAD
$PAD "3"
Shape Rect Layer front
position -2.400000  1.700000  size  1.100000  2.000000  orientation 90.00
drill  0.000000
shape_offset  0.000000  0.000000
$EndPAD
$PAD "4"
Shape Rect Layer front
position  2.400000  1.700000  size  1.100000  2.000000  orientation 90.00
drill  0.000000
shape_offset  0.000000  0.000000
$EndPAD
$PAD "5"
Shape Rect Layer front
position  2.400000  0.000000  size  1.100000  2.000000  orientation 90.00
drill  0.000000
shape_offset  0.000000  0.000000
$EndPAD
$PAD "6"
Shape Rect Layer front
position  2.400000 -1.700000  size  1.100000  2.000000  orientation 90.00
drill  0.000000
shape_offset  0.000000  0.000000
$EndPAD
$EndMODULE  D1

$MODULE H1
footprint MountingHole:MountingHole_2.1mm
attribut virtual
position 69.000000 23.000000  orientation 0.00
layer front
$PAD ""
Shape Circle Layer both
position  0.000000  0.000000  size  2.100000  2.100000  orientation 0.00
drill  2.100000
shape_offset  0.000000  0.000000
$EndPAD
$EndMODULE  H1

$MODULE H2
footprint MountingHole:MountingHole_2.1mm
attribut virtual
position 239.000000 25.000000  orientation 0.00
layer front
$PAD ""
Shape Circle Layer both
position  0.000000  0.000000  size  2.100000  2.100000  orientation 0.00
drill  2.100000
shape_offset  0.000000  0.000000
$EndPAD
$EndMODULE  H2

$MODULE H3
footprint MountingHole:MountingHole_2.1mm
attribut virtual
position 69.000000 156.000000  orientation 0.00
layer front
$PAD ""
Shape Circle Layer both
position  0.000000  0.000000  size  2.100000  2.100000  orientation 0.00
drill  2.100000
shape_offset  0.000000  0.000000
$EndPAD
$EndMODULE  H3

$MODULE H4
footprint MountingHole:MountingHole_2.1mm
attribut virtual
position 239.000000 155.000000  orientation 0.00
layer front
$PAD ""
Shape Circle Layer both
position  0.000000  0.000000  size  2.100000  2.100000  orientation 0.00
drill  2.100000
shape_offset  0.000000  0.000000
$EndPAD
$EndMODULE  H4

$MODULE J1
footprint Connector_PinHeader_1.00mm:PinHeader_1x08_P1.00mm_Vertical
attribut none
position 149.000000 132.000000  orientation -90.00
layer front
$PAD "1"
Shape Rect Layer both
position  0.000000  0.000000  size  0.850000  0.850000  orientation 360.00
drill  0.500000
shape_offset  0.000000  0.000000
$EndPAD
$PAD "2"
Shape Circle Layer both
position  0.000000  1.000000  size  0.850000  0.850000  orientation 360.00
drill  0.500000
shape_offset  0.000000  0.000000
$EndPAD
$PAD "3"
Shape Circle Layer both
position  0.000000  2.000000  size  0.850000  0.850000  orientation 360.00
drill  0.500000
shape_offset  0.000000  0.000000
$EndPAD
$PAD "4"
Shape Circle Layer both
position  0.000000  3.000000  size  0.850000  0.850000  orientation 360.00
drill  0.500000
shape_offset  0.000000  0.000000
$EndPAD
$PAD "5"
Shape Circle Layer both
position  0.000000  4.000000  size  0.850000  0.850000  orientation 360.00
drill  0.500000
shape_offset  0.000000  0.000000
$EndPAD
$PAD "6"
Shape Circle Layer both
position  0.000000  5.000000  size  0.850000  0.850000  orientation 360.00
drill  0.500000
shape_offset  0.000000  0.000000
$EndPAD
$PAD "7"
Shape Circle Layer both
position  0.000000  6.000000  size  0.850000  0.850000  orientation 360.00
drill  0.500000
shape_offset  0.000000  0.000000
$EndPAD
$PAD "8"
Shape Circle Layer both
position  0.000000  7.000000  size  0.850000  0.850000  orientation 360.00
drill  0.500000
shape_offset  0.000000  0.000000
$EndPAD
$EndMODULE  J1

$MODULE J2
footprint Connector:Tag-Connect_TC2030-IDC-FP_2x03_P1.27mm_Vertical
attribut virtual
position 215.540000 103.365000  orientation -90.00
layer front
$PAD ""
Shape Circle Layer both
position -2.540000 -2.540000  size  2.374900  2.374900  orientation 360.00
drill  2.374900
shape_offset  0.000000  0.000000
$EndPAD
$PAD ""
Shape Circle Layer both
position -2.540000  0.000000  size  0.990600  0.990600  orientation 360.00
drill  0.990600
shape_offset  0.000000  0.000000
$EndPAD
$PAD ""
Shape Circle Layer both
position -2.540000  2.540000  size  2.374900  2.374900  orientation 360.00
drill  2.374900
shape_offset  0.000000  0.000000
$EndPAD
$PAD ""
Shape Circle Layer both
position  0.635000 -2.540000  size  2.374900  2.374900  orientation 360.00
drill  2.374900
shape_offset  0.000000  0.000000
$EndPAD
$PAD ""
Shape Circle Layer both
position  0.635000  2.540000  size  2.374900  2.374900  orientation 360.00
drill  2.374900
shape_offset  0.000000  0.000000
$EndPAD
$PAD ""
Shape Circle Layer both
position  2.540000 -1.016000  size  0.990600  0.990600  orientation 360.00
drill  0.990600
shape_offset  0.000000  0.000000
$EndPAD
$PAD ""
Shape Circle Layer both
position  2.540000  1.016000  size  0.990600  0.990600  orientation 360.00
drill  0.990600
shape_offset  0.000000  0.000000
$EndPAD
$PAD "1"
Shape Circle Layer front
position -1.270000  0.635000  size  0.787400  0.787400  orientation 360.00
drill  0.000000
shape_offset  0.000000  0.000000
$EndPAD
$PAD "2"
Shape Circle Layer front
position -1.270000 -0.635000  size  0.787400  0.787400  orientation 360.00
drill  0.000000
shape_offset  0.000000  0.000000
$EndPAD
$PAD "3"
Shape Circle Layer front
position  0.000000  0.635000  size  0.787400  0.787400  orientation 360.00
drill  0.000000
shape_offset  0.000000  0.000000
$EndPAD
$PAD "4"
Shape Circle Layer front
position  0.000000 -0.635000  size  0.787400  0.787400  orientation 360.00
drill  0.000000
shape_offset  0.000000  0.000000
$EndPAD
$PAD "5"
Shape Circle Layer front
position  1.270000  0.635000  size  0.787400  0.787400  orientation 360.00
drill  0.000000
shape_offset  0.000000  0.000000
$EndPAD
$PAD "6"
Shape Circle Layer front
position  1.270000 -0.635000  size  0.787400  0.787400  orientation 360.00
drill  0.000000
shape_offset  0.000000  0.000000
$EndPAD
$EndMODULE  J2

$MODULE J3
footprint Connector_PinSocket_1.00mm:PinSocket_1x06_P1.00mm_Vertical_SMD_Pin1Right
attribut smd
position 202.500000 103.975000  orientation 180.00
layer front
$PAD "1"
Shape Rect Layer front
position  0.975000 -2.500000  size  1.950000  0.500000  orientation 0.00
drill  0.000000
shape_offset  0.000000  0.000000
$EndPAD
$PAD "2"
Shape Rect Layer front
position -0.975000 -1.500000  size  1.950000  0.500000  orientation 0.00
drill  0.000000
shape_offset  0.000000  0.000000
$EndPAD
$PAD "3"
Shape Rect Layer front
position  0.975000 -0.500000  size  1.950000  0.500000  orientation 0.00
drill  0.000000
shape_offset  0.000000  0.000000
$EndPAD
$PAD "4"
Shape Rect Layer front
position -0.975000  0.500000  size  1.950000  0.500000  orientation 0.00
drill  0.000000
shape_offset  0.000000  0.000000
$EndPAD
$PAD "5"
Shape Rect Layer front
position  0.975000  1.500000  size  1.950000  0.500000  orientation 0.00
drill  0.000000
shape_offset  0.000000  0.000000
$EndPAD
$PAD "6"
Shape Rect Layer front
position -0.975000  2.500000  size  1.950000  0.500000  orientation 0.00
drill  0.000000
shape_offset  0.000000  0.000000
$EndPAD
$EndMODULE  J3

$MODULE J4
footprint Connector_PinSocket_2.54mm:PinSocket_1x03_P2.54mm_Horizontal
attribut none
position 141.725000 148.100000  orientation 90.00
layer front
$PAD "1"
Shape Rect Layer both
position  0.000000  0.000000  size  1.700000  1.700000  orientation 0.00
drill  1.000000
shape_offset  0.000000  0.000000
$EndPAD
$PAD "2"
Shape Circle Layer both
position  0.000000  2.540000  size  1.700000  1.700000  orientation 0.00
drill  1.000000
shape_offset  0.000000  0.000000
$EndPAD
$PAD "3"
Shape Circle Layer both
position  0.000000  5.080000  size  1.700000  1.700000  orientation 0.00
drill  1.000000
shape_offset  0.000000  0.000000
$EndPAD
$EndMODULE  J4

$MODULE J5
footprint Connector_USB:USB_C_Receptacle_GCT_USB4085
attribut none
position 69.350000 72.600000  orientation -90.00
layer front
$PAD "A1"
Shape Circle Layer both
position  0.000000  0.000000  size  0.700000  0.700000  orientation 360.00
drill  0.400000
shape_offset  0.000000  0.000000
$EndPAD
$PAD "A4"
Shape Circle Layer both
position  0.850000  0.000000  size  0.700000  0.700000  orientation 360.00
drill  0.400000
shape_offset  0.000000  0.000000
$EndPAD
$PAD "A5"
Shape Circle Layer both
position  1.700000  0.000000  size  0.700000  0.700000  orientation 360.00
drill  0.400000
shape_offset  0.000000  0.000000
$EndPAD
$PAD "A6"
Shape Circle Layer both
position  2.550000  0.000000  size  0.700000  0.700000  orientation 360.00
drill  0.400000
shape_offset  0.000000  0.000000
$EndPAD
$PAD "A7"
Shape Circle Layer both
position  3.400000  0.000000  size  0.700000  0.700000  orientation 360.00
drill  0.400000
shape_offset  0.000000  0.000000
$EndPAD
$PAD "A8"
Shape Circle Layer both
position  4.250000  0.000000  size  0.700000  0.700000  orientation 360.00
drill  0.400000
shape_offset  0.000000  0.000000
$EndPAD
$PAD "A9"
Shape Circle Layer both
position  5.100000  0.000000  size  0.700000  0.700000  orientation 360.00
drill  0.400000
shape_offset  0.000000  0.000000
$EndPAD
$PAD "A12"
Shape Circle Layer both
position  5.950000  0.000000  size  0.700000  0.700000  orientation 360.00
drill  0.400000
shape_offset  0.000000  0.000000
$EndPAD
$PAD "B1"
Shape Circle Layer both
position  5.950000  1.350000  size  0.700000  0.700000  orientation 360.00
drill  0.400000
shape_offset  0.000000  0.000000
$EndPAD
$PAD "B4"
Shape Circle Layer both
position  5.100000  1.350000  size  0.700000  0.700000  orientation 360.00
drill  0.400000
shape_offset  0.000000  0.000000
$EndPAD
$PAD "B5"
Shape Circle Layer both
position  4.250000  1.350000  size  0.700000  0.700000  orientation 360.00
drill  0.400000
shape_offset  0.000000  0.000000
$EndPAD
$PAD "B6"
Shape Circle Layer both
position  3.400000  1.350000  size  0.700000  0.700000  orientation 360.00
drill  0.400000
shape_offset  0.000000  0.000000
$EndPAD
$PAD "B7"
Shape Circle Layer both
position  2.550000  1.350000  size  0.700000  0.700000  orientation 360.00
drill  0.400000
shape_offset  0.000000  0.000000
$EndPAD
$PAD "B8"
Shape Circle Layer both
position  1.700000  1.350000  size  0.700000  0.700000  orientation 360.00
drill  0.400000
shape_offset  0.000000  0.000000
$EndPAD
$PAD "B9"
Shape Circle Layer both
position  0.850000  1.350000  size  0.700000  0.700000  orientation 360.00
drill  0.400000
shape_offset  0.000000  0.000000
$EndPAD
$PAD "B12"
Shape Circle Layer both
position  0.000000  1.350000  size  0.700000  0.700000  orientation 360.00
drill  0.400000
shape_offset  0.000000  0.000000
$EndPAD
$PAD "S1"
Shape Oval Layer both
position -1.350000  0.980000  size  0.900000  2.400000  orientation 360.00
drill  0.600000
shape_offset  0.000000  0.000000
$EndPAD
$PAD "S1"
Shape Oval Layer both
position -1.350000  4.360000  size  0.900000  1.700000  orientation 360.00
drill  0.600000
shape_offset  0.000000  0.000000
$EndPAD
$PAD "S1"
Shape Oval Layer both
position  7.300000  0.980000  size  0.900000  2.400000  orientation 360.00
drill  0.600000
shape_offset  0.000000  0.000000
$EndPAD
$PAD "S1"
Shape Oval Layer both
position  7.300000  4.360000  size  0.900000  1.700000  orientation 360.00
drill  0.600000
shape_offset  0.000000  0.000000
$EndPAD
$EndMODULE  J5

$MODULE R1
footprint Resistor_THT:R_Axial_DIN0309_L9.0mm_D3.2mm_P12.70mm_Horizontal
attribut none
position 77.000000 32.700000  orientation 90.00
layer back
$PAD "1"
Shape Circle Layer both
position  0.000000  0.000000  size  1.600000  1.600000  orientation 0.00
drill  0.800000
shape_offset  0.000000  0.000000
$EndPAD
$PAD "2"
Shape Circle Layer both
position 12.700000  0.000000  size  1.600000  1.600000  orientation 0.00
drill  0.800000
shape_offset  0.000000  0.000000
$EndPAD
$EndMODULE  R1

$MODULE R2
footprint Resistor_THT:R_Axial_DIN0309_L9.0mm_D3.2mm_P12.70mm_Horizontal
attribut none
position 184.000000 114.650000  orientation -90.00
layer front
$PAD "1"
Shape Circle Layer both
position  0.000000  0.000000  size  1.600000  1.600000  orientation 360.00
drill  0.800000
shape_offset  0.000000  0.000000
$EndPAD
$PAD "2"
Shape Circle Layer both
position 12.700000  0.000000  size  1.600000  1.600000  orientation 360.00
drill  0.800000
shape_offset  0.000000  0.000000
$EndPAD
$EndMODULE  R2

$MODULE R3
footprint Resistor_THT:R_Axial_DIN0309_L9.0mm_D3.2mm_P12.70mm_Horizontal
attribut none
position 230.000000 31.300000  orientation -90.00
layer front
$PAD "1"
Shape Circle Layer both
position  0.000000  0.000000  size  1.600000  1.600000  orientation 360.00
drill  0.800000
shape_offset  0.000000  0.000000
$EndPAD
$PAD "2"
Shape Circle Layer both
position 12.700000  0.000000  size  1.600000  1.600000  orientation 360.00
drill  0.800000
shape_offset  0.000000  0.000000
$EndPAD
$EndMODULE  R3

$MODULE R4
footprint Resistor_THT:R_Axial_DIN0309_L9.0mm_D3.2mm_P12.70mm_Horizontal
attribut none
position 226.000000 31.300000  orientation -90.00
layer front
$PAD "1"
Shape Circle Layer both
position  0.000000  0.000000  size  1.600000  1.600000  orientation 360.00
drill  0.800000
shape_offset  0.000000  0.000000
$EndPAD
$PAD "2"
Shape Circle Layer both
position 12.700000  0.000000  size  1.600000  1.600000  orientation 360.00
drill  0.800000
shape_offset  0.000000  0.000000
$EndPAD
$EndMODULE  R4

$MODULE R5
footprint Resistor_THT:R_Axial_DIN0309_L9.0mm_D3.2mm_P12.70mm_Horizontal
attribut none
position 222.000000 31.300000  orientation -90.00
layer front
$PAD "1"
Shape Circle Layer both
position  0.000000  0.000000  size  1.600000  1.600000  orientation 360.00
drill  0.800000
shape_offset  0.000000  0.000000
$EndPAD
$PAD "2"
Shape Circle Layer both
position 12.700000  0.000000  size  1.600000  1.600000  orientation 360.00
drill  0.800000
shape_offset  0.000000  0.000000
$EndPAD
$EndMODULE  R5

$MODULE R6
footprint Resistor_THT:R_Axial_DIN0207_L6.3mm_D2.5mm_P10.16mm_Horizontal
attribut none
position 178.080000 81.000000  orientation 180.00
layer front
$PAD "1"
Shape Circle Layer both
position  0.000000  0.000000  size  1.600000  1.600000  orientation 0.00
drill  0.800000
shape_offset  0.000000  0.000000
$EndPAD
$PAD "2"
Shape Circle Layer both
position 10.160000  0.000000  size  1.600000  1.600000  orientation 0.00
drill  0.800000
shape_offset  0.000000  0.000000
$EndPAD
$EndMODULE  R6

$MODULE R7
footprint Resistor_THT:R_Axial_DIN0207_L6.3mm_D2.5mm_P10.16mm_Horizontal
attribut none
position 74.000000 82.920000  orientation -90.00
layer front
$PAD "1"
Shape Circle Layer both
position  0.000000  0.000000  size  1.600000  1.600000  orientation 360.00
drill  0.800000
shape_offset  0.000000  0.000000
$EndPAD
$PAD "2"
Shape Circle Layer both
position 10.160000  0.000000  size  1.600000  1.600000  orientation 360.00
drill  0.800000
shape_offset  0.000000  0.000000
$EndPAD
$EndMODULE  R7

$MODULE R8
footprint Resistor_THT:R_Axial_DIN0207_L6.3mm_D2.5mm_P10.16mm_Horizontal
attribut none
position 79.000000 82.920000  orientation -90.00
layer front
$PAD "1"
Shape Circle Layer both
position  0.000000  0.000000  size  1.600000  1.600000  orientation 360.00
drill  0.800000
shape_offset  0.000000  0.000000
$EndPAD
$PAD "2"
Shape Circle Layer both
position 10.160000  0.000000  size  1.600000  1.600000  orientation 360.00
drill  0.800000
shape_offset  0.000000  0.000000
$EndPAD
$EndMODULE  R8

$MODULE RV1
footprint Potentiometer_THT:Potentiometer_Bourns_3266P_Horizontal
attribut none
position 70.000000 30.000000  orientation 0.00
layer front
$PAD "1"
Shape Circle Layer both
position  0.000000  0.000000  size  1.440000  1.440000  orientation 0.00
drill  0.800000
shape_offset  0.000000  0.000000
$EndPAD
$PAD "2"
Shape Circle Layer both
position -2.540000  2.540000  size  1.440000  1.440000  orientation 0.00
drill  0.800000
shape_offset  0.000000  0.000000
$EndPAD
$PAD "3"
Shape Circle Layer both
position  0.000000  5.080000  size  1.440000  1.440000  orientation 0.00
drill  0.800000
shape_offset  0.000000  0.000000
$EndPAD
$EndMODULE  RV1

$MODULE SW1
footprint Button_Switch_SMD:SW_DIP_SPSTx01_Slide_Copal_CHS-01A_W5.08mm_P1.27mm_JPin
attribut smd
position 66.000000 63.540000  orientation 90.00
layer front
$PAD "1"
Shape Roundrect Layer front
position -2.540000  0.000000  size  1.600000  0.760000  orientation 0.00
drill  0.000000
shape_offset  0.000000  0.000000
$EndPAD
$PAD "2"
Shape Roundrect Layer front
position  2.540000  0.000000  size  1.600000  0.760000  orientation 0.00
drill  0.000000
shape_offset  0.000000  0.000000
$EndPAD
$EndMODULE  SW1

$MODULE SW2
footprint Button_Switch_THT:SW_PUSH-12mm_Wuerth-430476085716
attribut none
position 201.750000 72.500000  orientation 0.00
layer front
$PAD "1"
Shape Oval Layer both
position  0.000000  0.000000  size  3.000000  2.500000  orientation 0.00
drill  1.200000
shape_offset  0.000000  0.000000
$EndPAD
$PAD "1"
Shape Oval Layer both
position 12.500000  0.000000  size  3.000000  2.500000  orientation 0.00
drill  1.200000
shape_offset  0.000000  0.000000
$EndPAD
$PAD "2"
Shape Oval Layer both
position  0.000000  5.000000  size  3.000000  2.500000  orientation 0.00
drill  1.200000
shape_offset  0.000000  0.000000
$EndPAD
$PAD "2"
Shape Oval Layer both
position 12.500000  5.000000  size  3.000000  2.500000  orientation 0.00
drill  1.200000
shape_offset  0.000000  0.000000
$EndPAD
$EndMODULE  SW2

$MODULE SW3
footprint Button_Switch_THT:SW_PUSH-12mm_Wuerth-430476085716
attribut none
position 149.750000 72.500000  orientation 0.00
layer front
$PAD "1"
Shape Oval Layer both
position  0.000000  0.000000  size  3.000000  2.500000  orientation 0.00
drill  1.200000
shape_offset  0.000000  0.000000
$EndPAD
$PAD "1"
Shape Oval Layer both
position 12.500000  0.000000  size  3.000000  2.500000  orientation 0.00
drill  1.200000
shape_offset  0.000000  0.000000
$EndPAD
$PAD "2"
Shape Oval Layer both
position  0.000000  5.000000  size  3.000000  2.500000  orientation 0.00
drill  1.200000
shape_offset  0.000000  0.000000
$EndPAD
$PAD "2"
Shape Oval Layer both
position 12.500000  5.000000  size  3.000000  2.500000  orientation 0.00
drill  1.200000
shape_offset  0.000000  0.000000
$EndPAD
$EndMODULE  SW3

$MODULE U1
footprint Sensor:Aosong_DHT11_5.5x12.0_P2.54mm
attribut none
position 90.540000 23.000000  orientation -90.00
layer front
$PAD "1"
Shape Rect Layer both
position  0.000000  0.000000  size  1.500000  1.500000  orientation 360.00
drill  0.800000
shape_offset  0.000000  0.000000
$EndPAD
$PAD "2"
Shape Circle Layer both
position  0.000000  2.540000  size  1.500000  1.500000  orientation 360.00
drill  0.800000
shape_offset  0.000000  0.000000
$EndPAD
$PAD "3"
Shape Circle Layer both
position  0.000000  5.080000  size  1.500000  1.500000  orientation 360.00
drill  0.800000
shape_offset  0.000000  0.000000
$EndPAD
$PAD "4"
Shape Circle Layer both
position  0.000000  7.620000  size  1.500000  1.500000  orientation 360.00
drill  0.800000
shape_offset  0.000000  0.000000
$EndPAD
$EndMODULE  U1

$MODULE U2
footprint Display:LCD-016N002L
attribut none
position 172.230000 24.770000  orientation 0.00
layer front
$PAD ""
Shape Circle Layer both
position -74.500000  1.000000  size  6.500000  6.500000  orientation 180.00
drill  3.500000
shape_offset  0.000000  0.000000
$EndPAD
$PAD ""
Shape Circle Layer both
position -74.500000 38.000000  size  6.500000  6.500000  orientation 180.00
drill  3.500000
shape_offset  0.000000  0.000000
$EndPAD
$PAD ""
Shape Circle Layer both
position 40.500000  1.000000  size  6.500000  6.500000  orientation 180.00
drill  3.500000
shape_offset  0.000000  0.000000
$EndPAD
$PAD ""
Shape Circle Layer both
position 40.500000 38.000000  size  6.500000  6.500000  orientation 180.00
drill  3.500000
shape_offset  0.000000  0.000000
$EndPAD
$PAD "1"
Shape Rect Layer both
position  0.000000  0.000000  size  1.500000  3.000000  orientation 180.00
drill  1.000000
shape_offset  0.000000  0.000000
$EndPAD
$PAD "2"
Shape Oval Layer both
position  2.540000  0.000000  size  1.500000  3.000000  orientation 180.00
drill  1.000000
shape_offset  0.000000  0.000000
$EndPAD
$PAD "3"
Shape Oval Layer both
position  5.080000  0.000000  size  1.500000  3.000000  orientation 180.00
drill  1.000000
shape_offset  0.000000  0.000000
$EndPAD
$PAD "4"
Shape Oval Layer both
position  7.620000  0.000000  size  1.500000  3.000000  orientation 180.00
drill  1.000000
shape_offset  0.000000  0.000000
$EndPAD
$PAD "5"
Shape Oval Layer both
position 10.160000  0.000000  size  1.500000  3.000000  orientation 180.00
drill  1.000000
shape_offset  0.000000  0.000000
$EndPAD
$PAD "6"
Shape Oval Layer both
position 12.700000  0.000000  size  1.500000  3.000000  orientation 180.00
drill  1.000000
shape_offset  0.000000  0.000000
$EndPAD
$PAD "7"
Shape Oval Layer both
position 15.240000  0.000000  size  1.500000  3.000000  orientation 180.00
drill  1.000000
shape_offset  0.000000  0.000000
$EndPAD
$PAD "8"
Shape Oval Layer both
position 17.780000  0.000000  size  1.500000  3.000000  orientation 180.00
drill  1.000000
shape_offset  0.000000  0.000000
$EndPAD
$PAD "9"
Shape Oval Layer both
position 20.320000  0.000000  size  1.500000  3.000000  orientation 180.00
drill  1.000000
shape_offset  0.000000  0.000000
$EndPAD
$PAD "10"
Shape Oval Layer both
position 22.860000  0.000000  size  1.500000  3.000000  orientation 180.00
drill  1.000000
shape_offset  0.000000  0.000000
$EndPAD
$PAD "11"
Shape Oval Layer both
position 25.400000  0.000000  size  1.500000  3.000000  orientation 180.00
drill  1.000000
shape_offset  0.000000  0.000000
$EndPAD
$PAD "12"
Shape Oval Layer both
position 27.940000  0.000000  size  1.500000  3.000000  orientation 180.00
drill  1.000000
shape_offset  0.000000  0.000000
$EndPAD
$PAD "13"
Shape Oval Layer both
position 30.480000  0.000000  size  1.500000  3.000000  orientation 180.00
drill  1.000000
shape_offset  0.000000  0.000000
$EndPAD
$PAD "14"
Shape Oval Layer both
position 33.020000  0.000000  size  1.500000  3.000000  orientation 180.00
drill  1.000000
shape_offset  0.000000  0.000000
$EndPAD
$PAD "15"
Shape Oval Layer both
position -2.540000  0.000000  size  1.500000  3.000000  orientation 180.00
drill  1.000000
shape_offset  0.000000  0.000000
$EndPAD
$PAD "16"
Shape Oval Layer both
position -5.080000  0.000000  size  1.500000  3.000000  orientation 180.00
drill  1.000000
shape_offset  0.000000  0.000000
$EndPAD
$PAD "A1"
Shape Rect Layer both
position -75.500000 14.000000  size  2.000000  2.000000  orientation 180.00
drill  1.000000
shape_offset  0.000000  0.000000
$EndPAD
$PAD "A2"
Shape Rect Layer both
position -75.500000 25.000000  size  2.000000  2.000000  orientation 180.00
drill  1.000000
shape_offset  0.000000  0.000000
$EndPAD
$PAD "K1"
Shape Rect Layer both
position -75.500000 18.000000  size  2.000000  2.000000  orientation 180.00
drill  1.000000
shape_offset  0.000000  0.000000
$EndPAD
$PAD "K2"
Shape Rect Layer both
position -75.500000 29.000000  size  2.000000  2.000000  orientation 180.00
drill  1.000000
shape_offset  0.000000  0.000000
$EndPAD
$EndMODULE  U2

$MODULE U3
footprint Package_QFP:TQFP-100_14x14mm_P0.5mm
attribut smd
position 184.000000 100.000000  orientation 180.00
layer front
$PAD "1"
Shape Roundrect Layer front
position -7.662500 -6.000000  size  1.475000  0.300000  orientation 0.00
drill  0.000000
shape_offset  0.000000  0.000000
$EndPAD
$PAD "2"
Shape Roundrect Layer front
position -7.662500 -5.500000  size  1.475000  0.300000  orientation 0.00
drill  0.000000
shape_offset  0.000000  0.000000
$EndPAD
$PAD "3"
Shape Roundrect Layer front
position -7.662500 -5.000000  size  1.475000  0.300000  orientation 0.00
drill  0.000000
shape_offset  0.000000  0.000000
$EndPAD
$PAD "4"
Shape Roundrect Layer front
position -7.662500 -4.500000  size  1.475000  0.300000  orientation 0.00
drill  0.000000
shape_offset  0.000000  0.000000
$EndPAD
$PAD "5"
Shape Roundrect Layer front
position -7.662500 -4.000000  size  1.475000  0.300000  orientation 0.00
drill  0.000000
shape_offset  0.000000  0.000000
$EndPAD
$PAD "6"
Shape Roundrect Layer front
position -7.662500 -3.500000  size  1.475000  0.300000  orientation 0.00
drill  0.000000
shape_offset  0.000000  0.000000
$EndPAD
$PAD "7"
Shape Roundrect Layer front
position -7.662500 -3.000000  size  1.475000  0.300000  orientation 0.00
drill  0.000000
shape_offset  0.000000  0.000000
$EndPAD
$PAD "8"
Shape Roundrect Layer front
position -7.662500 -2.500000  size  1.475000  0.300000  orientation 0.00
drill  0.000000
shape_offset  0.000000  0.000000
$EndPAD
$PAD "9"
Shape Roundrect Layer front
position -7.662500 -2.000000  size  1.475000  0.300000  orientation 0.00
drill  0.000000
shape_offset  0.000000  0.000000
$EndPAD
$PAD "10"
Shape Roundrect Layer front
position -7.662500 -1.500000  size  1.475000  0.300000  orientation 0.00
drill  0.000000
shape_offset  0.000000  0.000000
$EndPAD
$PAD "11"
Shape Roundrect Layer front
position -7.662500 -1.000000  size  1.475000  0.300000  orientation 0.00
drill  0.000000
shape_offset  0.000000  0.000000
$EndPAD
$PAD "12"
Shape Roundrect Layer front
position -7.662500 -0.500000  size  1.475000  0.300000  orientation 0.00
drill  0.000000
shape_offset  0.000000  0.000000
$EndPAD
$PAD "13"
Shape Roundrect Layer front
position -7.662500  0.000000  size  1.475000  0.300000  orientation 0.00
drill  0.000000
shape_offset  0.000000  0.000000
$EndPAD
$PAD "14"
Shape Roundrect Layer front
position -7.662500  0.500000  size  1.475000  0.300000  orientation 0.00
drill  0.000000
shape_offset  0.000000  0.000000
$EndPAD
$PAD "15"
Shape Roundrect Layer front
position -7.662500  1.000000  size  1.475000  0.300000  orientation 0.00
drill  0.000000
shape_offset  0.000000  0.000000
$EndPAD
$PAD "16"
Shape Roundrect Layer front
position -7.662500  1.500000  size  1.475000  0.300000  orientation 0.00
drill  0.000000
shape_offset  0.000000  0.000000
$EndPAD
$PAD "17"
Shape Roundrect Layer front
position -7.662500  2.000000  size  1.475000  0.300000  orientation 0.00
drill  0.000000
shape_offset  0.000000  0.000000
$EndPAD
$PAD "18"
Shape Roundrect Layer front
position -7.662500  2.500000  size  1.475000  0.300000  orientation 0.00
drill  0.000000
shape_offset  0.000000  0.000000
$EndPAD
$PAD "19"
Shape Roundrect Layer front
position -7.662500  3.000000  size  1.475000  0.300000  orientation 0.00
drill  0.000000
shape_offset  0.000000  0.000000
$EndPAD
$PAD "20"
Shape Roundrect Layer front
position -7.662500  3.500000  size  1.475000  0.300000  orientation 0.00
drill  0.000000
shape_offset  0.000000  0.000000
$EndPAD
$PAD "21"
Shape Roundrect Layer front
position -7.662500  4.000000  size  1.475000  0.300000  orientation 0.00
drill  0.000000
shape_offset  0.000000  0.000000
$EndPAD
$PAD "22"
Shape Roundrect Layer front
position -7.662500  4.500000  size  1.475000  0.300000  orientation 0.00
drill  0.000000
shape_offset  0.000000  0.000000
$EndPAD
$PAD "23"
Shape Roundrect Layer front
position -7.662500  5.000000  size  1.475000  0.300000  orientation 0.00
drill  0.000000
shape_offset  0.000000  0.000000
$EndPAD
$PAD "24"
Shape Roundrect Layer front
position -7.662500  5.500000  size  1.475000  0.300000  orientation 0.00
drill  0.000000
shape_offset  0.000000  0.000000
$EndPAD
$PAD "25"
Shape Roundrect Layer front
position -7.662500  6.000000  size  1.475000  0.300000  orientation 0.00
drill  0.000000
shape_offset  0.000000  0.000000
$EndPAD
$PAD "26"
Shape Roundrect Layer front
position -6.000000  7.662500  size  0.300000  1.475000  orientation 0.00
drill  0.000000
shape_offset  0.000000  0.000000
$EndPAD
$PAD "27"
Shape Roundrect Layer front
position -5.500000  7.662500  size  0.300000  1.475000  orientation 0.00
drill  0.000000
shape_offset  0.000000  0.000000
$EndPAD
$PAD "28"
Shape Roundrect Layer front
position -5.000000  7.662500  size  0.300000  1.475000  orientation 0.00
drill  0.000000
shape_offset  0.000000  0.000000
$EndPAD
$PAD "29"
Shape Roundrect Layer front
position -4.500000  7.662500  size  0.300000  1.475000  orientation 0.00
drill  0.000000
shape_offset  0.000000  0.000000
$EndPAD
$PAD "30"
Shape Roundrect Layer front
position -4.000000  7.662500  size  0.300000  1.475000  orientation 0.00
drill  0.000000
shape_offset  0.000000  0.000000
$EndPAD
$PAD "31"
Shape Roundrect Layer front
position -3.500000  7.662500  size  0.300000  1.475000  orientation 0.00
drill  0.000000
shape_offset  0.000000  0.000000
$EndPAD
$PAD "32"
Shape Roundrect Layer front
position -3.000000  7.662500  size  0.300000  1.475000  orientation 0.00
drill  0.000000
shape_offset  0.000000  0.000000
$EndPAD
$PAD "33"
Shape Roundrect Layer front
position -2.500000  7.662500  size  0.300000  1.475000  orientation 0.00
drill  0.000000
shape_offset  0.000000  0.000000
$EndPAD
$PAD "34"
Shape Roundrect Layer front
position -2.000000  7.662500  size  0.300000  1.475000  orientation 0.00
drill  0.000000
shape_offset  0.000000  0.000000
$EndPAD
$PAD "35"
Shape Roundrect Layer front
position -1.500000  7.662500  size  0.300000  1.475000  orientation 0.00
drill  0.000000
shape_offset  0.000000  0.000000
$EndPAD
$PAD "36"
Shape Roundrect Layer front
position -1.000000  7.662500  size  0.300000  1.475000  orientation 0.00
drill  0.000000
shape_offset  0.000000  0.000000
$EndPAD
$PAD "37"
Shape Roundrect Layer front
position -0.500000  7.662500  size  0.300000  1.475000  orientation 0.00
drill  0.000000
shape_offset  0.000000  0.000000
$EndPAD
$PAD "38"
Shape Roundrect Layer front
position  0.000000  7.662500  size  0.300000  1.475000  orientation 0.00
drill  0.000000
shape_offset  0.000000  0.000000
$EndPAD
$PAD "39"
Shape Roundrect Layer front
position  0.500000  7.662500  size  0.300000  1.475000  orientation 0.00
drill  0.000000
shape_offset  0.000000  0.000000
$EndPAD
$PAD "40"
Shape Roundrect Layer front
position  1.000000  7.662500  size  0.300000  1.475000  orientation 0.00
drill  0.000000
shape_offset  0.000000  0.000000
$EndPAD
$PAD "41"
Shape Roundrect Layer front
position  1.500000  7.662500  size  0.300000  1.475000  orientation 0.00
drill  0.000000
shape_offset  0.000000  0.000000
$EndPAD
$PAD "42"
Shape Roundrect Layer front
position  2.000000  7.662500  size  0.300000  1.475000  orientation 0.00
drill  0.000000
shape_offset  0.000000  0.000000
$EndPAD
$PAD "43"
Shape Roundrect Layer front
position  2.500000  7.662500  size  0.300000  1.475000  orientation 0.00
drill  0.000000
shape_offset  0.000000  0.000000
$EndPAD
$PAD "44"
Shape Roundrect Layer front
position  3.000000  7.662500  size  0.300000  1.475000  orientation 0.00
drill  0.000000
shape_offset  0.000000  0.000000
$EndPAD
$PAD "45"
Shape Roundrect Layer front
position  3.500000  7.662500  size  0.300000  1.475000  orientation 0.00
drill  0.000000
shape_offset  0.000000  0.000000
$EndPAD
$PAD "46"
Shape Roundrect Layer front
position  4.000000  7.662500  size  0.300000  1.475000  orientation 0.00
drill  0.000000
shape_offset  0.000000  0.000000
$EndPAD
$PAD "47"
Shape Roundrect Layer front
position  4.500000  7.662500  size  0.300000  1.475000  orientation 0.00
drill  0.000000
shape_offset  0.000000  0.000000
$EndPAD
$PAD "48"
Shape Roundrect Layer front
position  5.000000  7.662500  size  0.300000  1.475000  orientation 0.00
drill  0.000000
shape_offset  0.000000  0.000000
$EndPAD
$PAD "49"
Shape Roundrect Layer front
position  5.500000  7.662500  size  0.300000  1.475000  orientation 0.00
drill  0.000000
shape_offset  0.000000  0.000000
$EndPAD
$PAD "50"
Shape Roundrect Layer front
position  6.000000  7.662500  size  0.300000  1.475000  orientation 0.00
drill  0.000000
shape_offset  0.000000  0.000000
$EndPAD
$PAD "51"
Shape Roundrect Layer front
position  7.662500  6.000000  size  1.475000  0.300000  orientation 0.00
drill  0.000000
shape_offset  0.000000  0.000000
$EndPAD
$PAD "52"
Shape Roundrect Layer front
position  7.662500  5.500000  size  1.475000  0.300000  orientation 0.00
drill  0.000000
shape_offset  0.000000  0.000000
$EndPAD
$PAD "53"
Shape Roundrect Layer front
position  7.662500  5.000000  size  1.475000  0.300000  orientation 0.00
drill  0.000000
shape_offset  0.000000  0.000000
$EndPAD
$PAD "54"
Shape Roundrect Layer front
position  7.662500  4.500000  size  1.475000  0.300000  orientation 0.00
drill  0.000000
shape_offset  0.000000  0.000000
$EndPAD
$PAD "55"
Shape Roundrect Layer front
position  7.662500  4.000000  size  1.475000  0.300000  orientation 0.00
drill  0.000000
shape_offset  0.000000  0.000000
$EndPAD
$PAD "56"
Shape Roundrect Layer front
position  7.662500  3.500000  size  1.475000  0.300000  orientation 0.00
drill  0.000000
shape_offset  0.000000  0.000000
$EndPAD
$PAD "57"
Shape Roundrect Layer front
position  7.662500  3.000000  size  1.475000  0.300000  orientation 0.00
drill  0.000000
shape_offset  0.000000  0.000000
$EndPAD
$PAD "58"
Shape Roundrect Layer front
position  7.662500  2.500000  size  1.475000  0.300000  orientation 0.00
drill  0.000000
shape_offset  0.000000  0.000000
$EndPAD
$PAD "59"
Shape Roundrect Layer front
position  7.662500  2.000000  size  1.475000  0.300000  orientation 0.00
drill  0.000000
shape_offset  0.000000  0.000000
$EndPAD
$PAD "60"
Shape Roundrect Layer front
position  7.662500  1.500000  size  1.475000  0.300000  orientation 0.00
drill  0.000000
shape_offset  0.000000  0.000000
$EndPAD
$PAD "61"
Shape Roundrect Layer front
position  7.662500  1.000000  size  1.475000  0.300000  orientation 0.00
drill  0.000000
shape_offset  0.000000  0.000000
$EndPAD
$PAD "62"
Shape Roundrect Layer front
position  7.662500  0.500000  size  1.475000  0.300000  orientation 0.00
drill  0.000000
shape_offset  0.000000  0.000000
$EndPAD
$PAD "63"
Shape Roundrect Layer front
position  7.662500  0.000000  size  1.475000  0.300000  orientation 0.00
drill  0.000000
shape_offset  0.000000  0.000000
$EndPAD
$PAD "64"
Shape Roundrect Layer front
position  7.662500 -0.500000  size  1.475000  0.300000  orientation 0.00
drill  0.000000
shape_offset  0.000000  0.000000
$EndPAD
$PAD "65"
Shape Roundrect Layer front
position  7.662500 -1.000000  size  1.475000  0.300000  orientation 0.00
drill  0.000000
shape_offset  0.000000  0.000000
$EndPAD
$PAD "66"
Shape Roundrect Layer front
position  7.662500 -1.500000  size  1.475000  0.300000  orientation 0.00
drill  0.000000
shape_offset  0.000000  0.000000
$EndPAD
$PAD "67"
Shape Roundrect Layer front
position  7.662500 -2.000000  size  1.475000  0.300000  orientation 0.00
drill  0.000000
shape_offset  0.000000  0.000000
$EndPAD
$PAD "68"
Shape Roundrect Layer front
position  7.662500 -2.500000  size  1.475000  0.300000  orientation 0.00
drill  0.000000
shape_offset  0.000000  0.000000
$EndPAD
$PAD "69"
Shape Roundrect Layer front
position  7.662500 -3.000000  size  1.475000  0.300000  orientation 0.00
drill  0.000000
shape_offset  0.000000  0.000000
$EndPAD
$PAD "70"
Shape Roundrect Layer front
position  7.662500 -3.500000  size  1.475000  0.300000  orientation 0.00
drill  0.000000
shape_offset  0.000000  0.000000
$EndPAD
$PAD "71"
Shape Roundrect Layer front
position  7.662500 -4.000000  size  1.475000  0.300000  orientation 0.00
drill  0.000000
shape_offset  0.000000  0.000000
$EndPAD
$PAD "72"
Shape Roundrect Layer front
position  7.662500 -4.500000  size  1.475000  0.300000  orientation 0.00
drill  0.000000
shape_offset  0.000000  0.000000
$EndPAD
$PAD "73"
Shape Roundrect Layer front
position  7.662500 -5.000000  size  1.475000  0.300000  orientation 0.00
drill  0.000000
shape_offset  0.000000  0.000000
$EndPAD
$PAD "74"
Shape Roundrect Layer front
position  7.662500 -5.500000  size  1.475000  0.300000  orientation 0.00
drill  0.000000
shape_offset  0.000000  0.000000
$EndPAD
$PAD "75"
Shape Roundrect Layer front
position  7.662500 -6.000000  size  1.475000  0.300000  orientation 0.00
drill  0.000000
shape_offset  0.000000  0.000000
$EndPAD
$PAD "76"
Shape Roundrect Layer front
position  6.000000 -7.662500  size  0.300000  1.475000  orientation 0.00
drill  0.000000
shape_offset  0.000000  0.000000
$EndPAD
$PAD "77"
Shape Roundrect Layer front
position  5.500000 -7.662500  size  0.300000  1.475000  orientation 0.00
drill  0.000000
shape_offset  0.000000  0.000000
$EndPAD
$PAD "78"
Shape Roundrect Layer front
position  5.000000 -7.662500  size  0.300000  1.475000  orientation 0.00
drill  0.000000
shape_offset  0.000000  0.000000
$EndPAD
$PAD "79"
Shape Roundrect Layer front
position  4.500000 -7.662500  size  0.300000  1.475000  orientation 0.00
drill  0.000000
shape_offset  0.000000  0.000000
$EndPAD
$PAD "80"
Shape Roundrect Layer front
position  4.000000 -7.662500  size  0.300000  1.475000  orientation 0.00
drill  0.000000
shape_offset  0.000000  0.000000
$EndPAD
$PAD "81"
Shape Roundrect Layer front
position  3.500000 -7.662500  size  0.300000  1.475000  orientation 0.00
drill  0.000000
shape_offset  0.000000  0.000000
$EndPAD
$PAD "82"
Shape Roundrect Layer front
position  3.000000 -7.662500  size  0.300000  1.475000  orientation 0.00
drill  0.000000
shape_offset  0.000000  0.000000
$EndPAD
$PAD "83"
Shape Roundrect Layer front
position  2.500000 -7.662500  size  0.300000  1.475000  orientation 0.00
drill  0.000000
shape_offset  0.000000  0.000000
$EndPAD
$PAD "84"
Shape Roundrect Layer front
position  2.000000 -7.662500  size  0.300000  1.475000  orientation 0.00
drill  0.000000
shape_offset  0.000000  0.000000
$EndPAD
$PAD "85"
Shape Roundrect Layer front
position  1.500000 -7.662500  size  0.300000  1.475000  orientation 0.00
drill  0.000000
shape_offset  0.000000  0.000000
$EndPAD
$PAD "86"
Shape Roundrect Layer front
position  1.000000 -7.662500  size  0.300000  1.475000  orientation 0.00
drill  0.000000
shape_offset  0.000000  0.000000
$EndPAD
$PAD "87"
Shape Roundrect Layer front
position  0.500000 -7.662500  size  0.300000  1.475000  orientation 0.00
drill  0.000000
shape_offset  0.000000  0.000000
$EndPAD
$PAD "88"
Shape Roundrect Layer front
position  0.000000 -7.662500  size  0.300000  1.475000  orientation 0.00
drill  0.000000
shape_offset  0.000000  0.000000
$EndPAD
$PAD "89"
Shape Roundrect Layer front
position -0.500000 -7.662500  size  0.300000  1.475000  orientation 0.00
drill  0.000000
shape_offset  0.000000  0.000000
$EndPAD
$PAD "90"
Shape Roundrect Layer front
position -1.000000 -7.662500  size  0.300000  1.475000  orientation 0.00
drill  0.000000
shape_offset  0.000000  0.000000
$EndPAD
$PAD "91"
Shape Roundrect Layer front
position -1.500000 -7.662500  size  0.300000  1.475000  orientation 0.00
drill  0.000000
shape_offset  0.000000  0.000000
$EndPAD
$PAD "92"
Shape Roundrect Layer front
position -2.000000 -7.662500  size  0.300000  1.475000  orientation 0.00
drill  0.000000
shape_offset  0.000000  0.000000
$EndPAD
$PAD "93"
Shape Roundrect Layer front
position -2.500000 -7.662500  size  0.300000  1.475000  orientation 0.00
drill  0.000000
shape_offset  0.000000  0.000000
$EndPAD
$PAD "94"
Shape Roundrect Layer front
position -3.000000 -7.662500  size  0.300000  1.475000  orientation 0.00
drill  0.000000
shape_offset  0.000000  0.000000
$EndPAD
$PAD "95"
Shape Roundrect Layer front
position -3.500000 -7.662500  size  0.300000  1.475000  orientation 0.00
drill  0.000000
shape_offset  0.000000  0.000000
$EndPAD
$PAD "96"
Shape Roundrect Layer front
position -4.000000 -7.662500  size  0.300000  1.475000  orientation 0.00
drill  0.000000
shape_offset  0.000000  0.000000
$EndPAD
$PAD "97"
Shape Roundrect Layer front
position -4.500000 -7.662500  size  0.300000  1.475000  orientation 0.00
drill  0.000000
shape_offset  0.000000  0.000000
$EndPAD
$PAD "98"
Shape Roundrect Layer front
position -5.000000 -7.662500  size  0.300000  1.475000  orientation 0.00
drill  0.000000
shape_offset  0.000000  0.000000
$EndPAD
$PAD "99"
Shape Roundrect Layer front
position -5.500000 -7.662500  size  0.300000  1.475000  orientation 0.00
drill  0.000000
shape_offset  0.000000  0.000000
$EndPAD
$PAD "100"
Shape Roundrect Layer front
position -6.000000 -7.662500  size  0.300000  1.475000  orientation 0.00
drill  0.000000
shape_offset  0.000000  0.000000
$EndPAD
$EndMODULE  U3

$MODULE Y2
footprint Crystal:Crystal_AT310_D3.0mm_L10.0mm_Horizontal
attribut none
position 165.755000 94.730000  orientation -90.00
layer front
$PAD "1"
Shape Circle Layer both
position  0.000000  0.000000  size  1.000000  1.000000  orientation 360.00
drill  0.500000
shape_offset  0.000000  0.000000
$EndPAD
$PAD "2"
Shape Circle Layer both
position  2.540000  0.000000  size  1.000000  1.000000  orientation 360.00
drill  0.500000
shape_offset  0.000000  0.000000
$EndPAD
$EndMODULE  Y2

$EndDESCRIPTION
